<?xml version="1.0" encoding="UTF-8"?>
<!-- Generated by org.testng.reporters.JUnitReportReporter -->
<testsuite skipped="0" hostname="DESKTOP-34AAFOG" name="practicetestcases.TestNG4" tests="3" failures="0" timestamp="18 May 2021 16:07:11 GMT" time="0.015" errors="0">
  <testcase name="a4" time="0.000" classname="practicetestcases.TestNG4"/>
  <testcase name="b4" time="0.015" classname="practicetestcases.TestNG4"/>
  <testcase name="c4" time="0.000" classname="practicetestcases.TestNG4"/>
</testsuite> <!-- practicetestcases.TestNG4 -->
