<?xml version="1.0" encoding="UTF-8"?>
<!-- Generated by org.testng.reporters.JUnitReportReporter -->
<testsuite skipped="0" hostname="DESKTOP-34AAFOG" name="practicetestcases.TestNG2" tests="2" failures="0" timestamp="22 May 2021 17:09:39 GMT" time="0.007" errors="0">
  <testcase name="c2" time="0.002" classname="practicetestcases.TestNG2"/>
  <testcase name="a2" time="0.005" classname="practicetestcases.TestNG2"/>
</testsuite> <!-- practicetestcases.TestNG2 -->
