<?xml version="1.0" encoding="UTF-8"?>
<!-- Generated by org.testng.reporters.JUnitReportReporter -->
<testsuite skipped="0" hostname="DESKTOP-34AAFOG" name="practicetestcases2.TestNG8P2" tests="2" failures="0" timestamp="18 May 2021 16:07:11 GMT" time="0.000" errors="0">
  <testcase name="d" time="0.000" classname="practicetestcases2.TestNG8P2"/>
  <testcase name="e" time="0.000" classname="practicetestcases2.TestNG8P2"/>
</testsuite> <!-- practicetestcases2.TestNG8P2 -->
