<?xml version="1.0" encoding="UTF-8"?>
<!-- Generated by org.testng.reporters.JUnitReportReporter -->
<testsuite skipped="0" hostname="DESKTOP-34AAFOG" name="practicetestcases2.TestNG7P2" tests="3" failures="0" timestamp="18 May 2021 16:07:11 GMT" time="0.016" errors="0">
  <testcase name="b2" time="0.000" classname="practicetestcases2.TestNG7P2"/>
  <testcase name="a2" time="0.016" classname="practicetestcases2.TestNG7P2"/>
  <testcase name="c2" time="0.000" classname="practicetestcases2.TestNG7P2"/>
</testsuite> <!-- practicetestcases2.TestNG7P2 -->
