<?xml version="1.0" encoding="UTF-8"?>
<!-- Generated by org.testng.reporters.JUnitReportReporter -->
<testsuite skipped="0" hostname="DESKTOP-34AAFOG" name="practicetestcases.TestNG1" tests="1" failures="0" timestamp="19 May 2021 14:31:59 GMT" time="0.005" errors="0">
  <testcase name="a" time="0.005" classname="practicetestcases.TestNG1"/>
</testsuite> <!-- practicetestcases.TestNG1 -->
