<?xml version="1.0" encoding="UTF-8"?>
<!-- Generated by org.testng.reporters.JUnitReportReporter -->
<testsuite skipped="0" hostname="DESKTOP-34AAFOG" name="practicetestcases.TestNG3" tests="3" failures="0" timestamp="18 May 2021 16:07:11 GMT" time="0.000" errors="0">
  <testcase name="c3" time="0.000" classname="practicetestcases.TestNG3"/>
  <testcase name="b3" time="0.000" classname="practicetestcases.TestNG3"/>
  <testcase name="a3" time="0.000" classname="practicetestcases.TestNG3"/>
</testsuite> <!-- practicetestcases.TestNG3 -->
