<?xml version="1.0" encoding="UTF-8"?>
<!-- Generated by org.testng.reporters.JUnitReportReporter -->
<testsuite skipped="0" hostname="DESKTOP-34AAFOG" name="practicetestcases2.TestNG6P2" tests="3" failures="0" timestamp="18 May 2021 16:57:14 GMT" time="0.005" errors="0">
  <testcase name="c" time="0.001" classname="practicetestcases2.TestNG6P2"/>
  <testcase name="a" time="0.002" classname="practicetestcases2.TestNG6P2"/>
  <testcase name="b" time="0.002" classname="practicetestcases2.TestNG6P2"/>
</testsuite> <!-- practicetestcases2.TestNG6P2 -->
