<?xml version="1.0" encoding="UTF-8"?>
<!-- Generated by org.testng.reporters.JUnitReportReporter -->
<testsuite skipped="0" hostname="DESKTOP-34AAFOG" name="practicetestcases3.TestNG9P3" tests="1" failures="0" timestamp="22 May 2021 17:09:39 GMT" time="0.002" errors="0">
  <testcase name="c" time="0.002" classname="practicetestcases3.TestNG9P3"/>
</testsuite> <!-- practicetestcases3.TestNG9P3 -->
