<?xml version="1.0" encoding="UTF-8"?>
<!-- Generated by org.testng.reporters.JUnitReportReporter -->
<testsuite skipped="0" hostname="DESKTOP-34AAFOG" name="practicetestcases3.TestNG10P3" tests="2" failures="0" timestamp="18 May 2021 16:07:11 GMT" time="0.000" errors="0">
  <testcase name="b" time="0.000" classname="practicetestcases3.TestNG10P3"/>
  <testcase name="a" time="0.000" classname="practicetestcases3.TestNG10P3"/>
</testsuite> <!-- practicetestcases3.TestNG10P3 -->
