<?xml version="1.0" encoding="UTF-8"?>
<!-- Generated by org.testng.reporters.JUnitReportReporter -->
<testsuite skipped="0" hostname="DESKTOP-34AAFOG" name="practicetestcases.TestNG5" tests="2" failures="0" timestamp="18 May 2021 16:07:11 GMT" time="0.016" errors="0">
  <testcase name="a5" time="0.016" classname="practicetestcases.TestNG5"/>
  <testcase name="b5" time="0.000" classname="practicetestcases.TestNG5"/>
</testsuite> <!-- practicetestcases.TestNG5 -->
